<?xml version="1.0" encoding="UTF-8"?>
<testng-results ignored="0" total="3" passed="3" failed="0" skipped="0">
  <reporter-output>
  </reporter-output>
  <suite started-at="2026-09-08T22:19:41 IST" name="Surefire suite" finished-at="2026-09-08T22:19:45 IST" duration-ms="3932">
    <groups>
      <group name="cucumber">
        <method signature="AbstractTestNGCucumberTests.runScenario(io.cucumber.testng.PickleWrapper,io.cucumber.testng.FeatureWrapper)[pri:0, instance:runner.testrunner@25d250c6]" name="runScenario" class="io.cucumber.testng.AbstractTestNGCucumberTests"/>
      </group> <!-- cucumber -->
    </groups>
    <test started-at="2026-09-08T22:19:41 IST" name="Surefire test" finished-at="2026-09-08T22:19:45 IST" duration-ms="3932">
      <class name="runner.testrunner">
        <test-method is-config="true" signature="setUpClass(org.testng.ITestContext)[pri:0, instance:runner.testrunner@25d250c6]" started-at="2026-09-08T22:19:41 IST" name="setUpClass" finished-at="2026-09-08T22:19:41 IST" duration-ms="330" status="PASS">
          <params>
            <param index="0">
              <value>
                <![CDATA[org.testng.TestRunner@7d070ef5]]>
              </value>
            </param>
          </params>
          <reporter-output>
          </reporter-output>
        </test-method> <!-- setUpClass -->
        <test-method signature="runScenario(io.cucumber.testng.PickleWrapper,io.cucumber.testng.FeatureWrapper)[pri:0, instance:runner.testrunner@25d250c6]" started-at="2026-09-08T22:19:41 IST" name="runScenario" description="Runs Cucumber Scenarios" data-provider="scenarios" finished-at="2026-09-08T22:19:43 IST" duration-ms="1473" status="PASS">
          <params>
            <param index="0">
              <value>
                <![CDATA["Validate that login is working fine with valid credentials"]]>
              </value>
            </param>
            <param index="1">
              <value>
                <![CDATA["Login Functionality"]]>
              </value>
            </param>
          </params>
          <reporter-output>
          </reporter-output>
        </test-method> <!-- runScenario -->
        <test-method signature="runScenario(io.cucumber.testng.PickleWrapper,io.cucumber.testng.FeatureWrapper)[pri:0, instance:runner.testrunner@25d250c6]" started-at="2026-09-08T22:19:43 IST" name="runScenario" description="Runs Cucumber Scenarios" data-provider="scenarios" finished-at="2026-09-08T22:19:44 IST" duration-ms="995" status="PASS">
          <params>
            <param index="0">
              <value>
                <![CDATA["Validate that login is working fine with valid credentials"]]>
              </value>
            </param>
            <param index="1">
              <value>
                <![CDATA["Login Functionality"]]>
              </value>
            </param>
          </params>
          <reporter-output>
          </reporter-output>
        </test-method> <!-- runScenario -->
        <test-method signature="runScenario(io.cucumber.testng.PickleWrapper,io.cucumber.testng.FeatureWrapper)[pri:0, instance:runner.testrunner@25d250c6]" started-at="2026-09-08T22:19:44 IST" name="runScenario" description="Runs Cucumber Scenarios" data-provider="scenarios" finished-at="2026-09-08T22:19:45 IST" duration-ms="1031" status="PASS">
          <params>
            <param index="0">
              <value>
                <![CDATA["Validate that login is working fine with valid credentials"]]>
              </value>
            </param>
            <param index="1">
              <value>
                <![CDATA["Login Functionality"]]>
              </value>
            </param>
          </params>
          <reporter-output>
          </reporter-output>
        </test-method> <!-- runScenario -->
        <test-method is-config="true" signature="tearDownClass()[pri:0, instance:runner.testrunner@25d250c6]" started-at="2026-09-08T22:19:45 IST" name="tearDownClass" finished-at="2026-09-08T22:19:45 IST" duration-ms="76" status="PASS">
          <reporter-output>
          </reporter-output>
        </test-method> <!-- tearDownClass -->
      </class> <!-- runner.testrunner -->
    </test> <!-- Surefire test -->
  </suite> <!-- Surefire suite -->
</testng-results>
