<?xml version="1.0" encoding="UTF-8"?>
<!-- Generated by org.testng.reporters.JUnitReportReporter -->
<testsuite hostname="Awasthi_PC" failures="0" tests="3" name="runner.testrunner" time="3.499" errors="0" timestamp="2026-09-08T22:19:45 IST" skipped="0">
  <testcase classname="runner.testrunner" name="runScenario" time="1.473"/>
  <testcase classname="runner.testrunner" name="runScenario" time="0.995"/>
  <testcase classname="runner.testrunner" name="runScenario" time="1.031"/>
</testsuite> <!-- runner.testrunner -->
